<?xml version="1.0" encoding="UTF-8"?>
<!-- Generated by org.testng.reporters.JUnitReportReporter -->
<testsuite hostname="LAPTOP-BV3MEJAQ" failures="0" tests="1" name="TEST.Amazon_001" time="24.323" errors="0" timestamp="2022-10-28T22:37:27 IST" skipped="0">
  <testcase classname="TEST.Amazon_001" name="Amazon001" time="24.323"/>
  <system-out/>
</testsuite> <!-- TEST.Amazon_001 -->
