<?xml version="1.0" encoding="UTF-8"?>
<!-- Generated by org.testng.reporters.JUnitReportReporter -->
<testsuite hostname="LAPTOP-BV3MEJAQ" failures="0" tests="1" name="Maven_testng.Maven_testng.TestNg2" time="16.769" errors="0" timestamp="2022-10-30T15:15:46 IST" skipped="0">
  <testcase classname="Maven_testng.Maven_testng.TestNg2" name="verifylogin" time="16.769"/>
  <system-out/>
</testsuite> <!-- Maven_testng.Maven_testng.TestNg2 -->
