<?xml version="1.0" encoding="UTF-8"?>
<!-- Generated by org.testng.reporters.JUnitReportReporter -->
<testsuite hostname="LAPTOP-BV3MEJAQ" failures="0" tests="1" name="Maven_testng.Maven_testng.regular" time="0.008" errors="0" timestamp="2022-10-29T14:21:03 IST" skipped="0">
  <testcase classname="Maven_testng.Maven_testng.regular" name="method2" time="0.008"/>
  <system-out/>
</testsuite> <!-- Maven_testng.Maven_testng.regular -->
