<?xml version="1.0" encoding="UTF-8"?>
<!-- Generated by org.testng.reporters.JUnitReportReporter -->
<testsuite hostname="LAPTOP-BV3MEJAQ" failures="0" tests="7" name="Keywords.priority" time="0.023" errors="0" timestamp="2022-10-31T15:47:41 IST" skipped="1">
  <testcase classname="Keywords.priority" name="TestB" time="0.014"/>
  <system-out/>
  <testcase classname="Keywords.priority" name="TestB" time="0.002"/>
  <system-out/>
  <testcase classname="Keywords.priority" name="TestA" time="0.002"/>
  <system-out/>
  <testcase classname="Keywords.priority" name="TestA" time="0.002"/>
  <system-out/>
  <testcase classname="Keywords.priority" name="TestA" time="0.002"/>
  <system-out/>
  <testcase classname="Keywords.priority" name="TestA" time="0.001"/>
  <system-out/>
  <testcase classname="Keywords.priority" name="TestC">
    <skipped/>
  </testcase> <!-- TestC -->
  <system-out/>
</testsuite> <!-- Keywords.priority -->
