<?xml version="1.0" encoding="UTF-8"?>
<!-- Generated by org.testng.reporters.JUnitReportReporter -->
<testsuite hostname="LAPTOP-BV3MEJAQ" failures="0" tests="3" name="Keywords.Timeout" time="0.028" errors="0" timestamp="2022-10-31T17:46:16 IST" skipped="0">
  <testcase classname="Keywords.Timeout" name="TestA" time="0.015"/>
  <system-out/>
  <testcase classname="Keywords.Timeout" name="TestC" time="0.011"/>
  <system-out/>
  <testcase classname="Keywords.Timeout" name="TestB" time="0.002"/>
  <system-out/>
</testsuite> <!-- Keywords.Timeout -->
