<?xml version="1.0" encoding="UTF-8"?>
<!-- Generated by org.testng.reporters.JUnitReportReporter -->
<testsuite hostname="LAPTOP-BV3MEJAQ" failures="0" tests="1" name="Maven_testng.Maven_testng.testng" time="0.017" errors="0" timestamp="2022-10-28T21:41:38 IST" skipped="0">
  <testcase classname="Maven_testng.Maven_testng.testng" name="method1" time="0.017"/>
  <system-out/>
</testsuite> <!-- Maven_testng.Maven_testng.testng -->
